<?xml version="1.0" encoding="UTF-8" ?>
<testsuite tests="11" failures="0" name="com.qa.ims.controllers.OrderControllerTest" time="0.091" errors="0" skipped="0">
  <properties>
[...]
</properties>
  <testcase classname="com.qa.ims.controllers.OrderControllerTest" name="testUpdateAdd" time="0.056"/>
  <testcase classname="com.qa.ims.controllers.OrderControllerTest" name="testUpdateInvalidID" time="0.001"/>
  <testcase classname="com.qa.ims.controllers.OrderControllerTest" name="testCreateWithItems" time="0.006"/>
  <testcase classname="com.qa.ims.controllers.OrderControllerTest" name="testUpdateRemove" time="0.011"/>
  <testcase classname="com.qa.ims.controllers.OrderControllerTest" name="testUpdateReturn" time="0.002"/>
  <testcase classname="com.qa.ims.controllers.OrderControllerTest" name="testReadAll" time="0.003"/>
  <testcase classname="com.qa.ims.controllers.OrderControllerTest" name="testReadAllShowItems" time="0.004"/>
  <testcase classname="com.qa.ims.controllers.OrderControllerTest" name="testDelete" time="0.002"/>
  <testcase classname="com.qa.ims.controllers.OrderControllerTest" name="testDeleteWithRejection" time="0.002"/>
  <testcase classname="com.qa.ims.controllers.OrderControllerTest" name="testDeleteWithFailure" time="0.002"/>
  <testcase classname="com.qa.ims.controllers.OrderControllerTest" name="testCreateNoItems" time="0.002"/>
</testsuite>